<?xml version="1.0" encoding="UTF-8"?>
<testng-results skipped="0" failed="0" ignored="0" total="1" passed="1">
  <reporter-output>
  </reporter-output>
  <suite name="org.zouhair.gift.DashboardTest" duration-ms="15903" started-at="2020-03-04T12:58:05 GMT" finished-at="2020-03-04T12:58:21 GMT">
    <groups>
    </groups>
    <test name="Command line test" duration-ms="15903" started-at="2020-03-04T12:58:05 GMT" finished-at="2020-03-04T12:58:21 GMT">
      <class name="org.zouhair.gift.DashboardTest">
        <test-method status="PASS" signature="Test()[pri:0, instance:org.zouhair.gift.DashboardTest@5c3bd550]" name="Test" duration-ms="15829" started-at="2020-03-04T12:58:05 GMT" finished-at="2020-03-04T12:58:21 GMT">
          <reporter-output>
          </reporter-output>
        </test-method> <!-- Test -->
      </class> <!-- org.zouhair.gift.DashboardTest -->
    </test> <!-- Command line test -->
  </suite> <!-- org.zouhair.gift.DashboardTest -->
</testng-results>
