<?xml version="1.0" encoding="UTF-8"?>
<testng-results skipped="0" failed="0" ignored="0" total="1" passed="1">
  <reporter-output>
  </reporter-output>
  <suite name="Default suite" duration-ms="73" started-at="2020-05-15T09:36:42 BST" finished-at="2020-05-15T09:36:42 BST">
    <groups>
    </groups>
    <test name="Default test" duration-ms="73" started-at="2020-05-15T09:36:42 BST" finished-at="2020-05-15T09:36:42 BST">
      <class name="org.gift.GiftCardBackEndApplicationTests">
        <test-method status="PASS" signature="beforeTest()[pri:0, instance:org.gift.GiftCardBackEndApplicationTests@52feb982]" name="beforeTest" is-config="true" duration-ms="15" started-at="2020-05-15T09:36:42 BST" finished-at="2020-05-15T09:36:42 BST">
          <reporter-output>
          </reporter-output>
        </test-method> <!-- beforeTest -->
        <test-method status="PASS" signature="testAdd()[pri:0, instance:org.gift.GiftCardBackEndApplicationTests@52feb982]" name="testAdd" duration-ms="9" started-at="2020-05-15T09:36:42 BST" finished-at="2020-05-15T09:36:42 BST">
          <reporter-output>
          </reporter-output>
        </test-method> <!-- testAdd -->
      </class> <!-- org.gift.GiftCardBackEndApplicationTests -->
    </test> <!-- Default test -->
  </suite> <!-- Default suite -->
</testng-results>
